<?xml version="1.0" encoding="UTF-8"?>
<testng-results ignored="0" total="2" passed="2" failed="0" skipped="0">
  <reporter-output>
  </reporter-output>
  <suite started-at="2023-10-03T13:46:15 IST" name="Default suite" finished-at="2023-10-03T13:46:19 IST" duration-ms="4305">
    <groups>
    </groups>
    <test started-at="2023-10-03T13:46:15 IST" name="Default test" finished-at="2023-10-03T13:46:19 IST" duration-ms="4305">
      <class name="Jenkins_Demo.Jenkins_project.Test_case_1">
        <test-method is-config="true" signature="setUp()[pri:0, instance:Jenkins_Demo.Jenkins_project.Test_case_1@5524cca1]" started-at="2023-10-03T13:46:11 IST" name="setUp" finished-at="2023-10-03T13:46:15 IST" duration-ms="3460" status="PASS">
          <reporter-output>
          </reporter-output>
        </test-method> <!-- setUp -->
        <test-method signature="test1()[pri:0, instance:Jenkins_Demo.Jenkins_project.Test_case_1@5524cca1]" started-at="2023-10-03T13:46:15 IST" name="test1" finished-at="2023-10-03T13:46:15 IST" duration-ms="13" status="PASS">
          <reporter-output>
          </reporter-output>
        </test-method> <!-- test1 -->
        <test-method signature="test2()[pri:0, instance:Jenkins_Demo.Jenkins_project.Test_case_1@5524cca1]" started-at="2023-10-03T13:46:15 IST" name="test2" finished-at="2023-10-03T13:46:19 IST" duration-ms="4259" status="PASS">
          <reporter-output>
          </reporter-output>
        </test-method> <!-- test2 -->
        <test-method is-config="true" signature="tearDown()[pri:0, instance:Jenkins_Demo.Jenkins_project.Test_case_1@5524cca1]" started-at="2023-10-03T13:46:19 IST" name="tearDown" finished-at="2023-10-03T13:46:20 IST" duration-ms="768" status="PASS">
          <reporter-output>
          </reporter-output>
        </test-method> <!-- tearDown -->
      </class> <!-- Jenkins_Demo.Jenkins_project.Test_case_1 -->
    </test> <!-- Default test -->
  </suite> <!-- Default suite -->
</testng-results>
